<?xml version="1.0" encoding="UTF-8"?>
<!-- Generated by org.testng.reporters.JUnitReportReporter -->
<testsuite hostname="DESKTOP-M1KSKAA" failures="0" tests="2" name="rahulsettyacademy.submitorder.Submit_Order" time="39.325" errors="0" timestamp="2024-04-17T22:08:57 IST" skipped="0">
  <testcase classname="rahulsettyacademy.submitorder.Submit_Order" name="Order" time="19.049"/>
  <testcase classname="rahulsettyacademy.submitorder.Submit_Order" name="Order" time="20.276"/>
</testsuite> <!-- rahulsettyacademy.submitorder.Submit_Order -->
