<?xml version="1.0" encoding="UTF-8"?>
<!-- Generated by org.testng.reporters.JUnitReportReporter -->
<testsuite hostname="DESKTOP-M1KSKAA" failures="0" tests="1" name="rahulsettyacademy.submitorder.Error_Handling" time="4.340" errors="0" timestamp="2024-04-17T09:48:36 IST" skipped="0">
  <testcase classname="rahulsettyacademy.submitorder.Error_Handling" name="Login_Error" time="4.340"/>
</testsuite> <!-- rahulsettyacademy.submitorder.Error_Handling -->
